<?xml version="1.0" encoding="UTF-8"?>
<!-- Generated by org.testng.reporters.JUnitReportReporter -->
<testsuite hostname="HP-PC" failures="0" tests="1" name="com.qa.testcases.LoginTestCRM" time="30.848" errors="0" timestamp="18 Sep 2020 08:50:36 GMT" skipped="0">
  <testcase classname="com.qa.testcases.LoginTestCRM" name="loginApp" time="30.848"/>
</testsuite> <!-- com.qa.testcases.LoginTestCRM -->
